<?xml version="1.0" encoding="UTF-8"?>
<!-- Generated by org.testng.reporters.JUnitReportReporter -->
<testsuite hostname="DESKTOP-18BP1P8" failures="0" tests="6" name="Test_Classes.Mirafit_Homepage_Links_Test" time="136.395" errors="1" timestamp="2022-04-11T15:49:53 IST" skipped="0">
  <testcase classname="Test_Classes.Mirafit_Homepage_Links_Test" name="TC1" time="17.247"/>
  <system-out/>
  <testcase classname="Test_Classes.Mirafit_Homepage_Links_Test" name="TC1" time="11.870"/>
  <system-out/>
  <testcase classname="Test_Classes.Mirafit_Homepage_Links_Test" name="TC1" time="17.081"/>
  <system-out/>
  <testcase classname="Test_Classes.Mirafit_Homepage_Links_Test" name="Verify_Homepage_Links" time="44.624"/>
  <system-out>
    <![CDATA[The product image is displayed
The URL for Weight Benches is https://mirafit.co.uk/strength-equipment/weight-benches.html
The Url for Weight Benches Is Matched
----------------------The List of Weight Banches Products ---------------------
The product image is displayed
The URL for Squat Racks is https://mirafit.co.uk/strength-equipment/squat-racks-stands.html
The URL for Squat Racks is Matched
----------------------The List of Squat Racks Products ---------------------
The product image is displayed
The URL for Power_Racks is https://mirafit.co.uk/strength-equipment/power-cages-racks.html
The URL for Power_Racks is Matched
----------------------The List of Power_Racks Products ---------------------
The product image is displayed
The URL for Conditioning is https://mirafit.co.uk/conditioning.html
The URL for Conditioning is Matched
----------------------The List of Conditioning Products ---------------------
The product image is displayed
The URL for Bars is https://mirafit.co.uk/weights-and-bars/bars.html
The URL for Bars is Matched
----------------------The List of Bars Products ---------------------
The product image is displayed
The URL for Bumper_Plates is https://mirafit.co.uk/weights-and-bars/bumper-plates.html
The URL for Bumper_Plates is Matched
----------------------The List of Bumper_Plates Products ---------------------]]>
  </system-out>
  <testcase classname="Test_Classes.Mirafit_Homepage_Links_Test" name="Verify_Homepage_Links" time="0.162">
    <error message="Element &lt;div class=&quot;col-md-4 col-sm-4 text-center&quot;&gt; is not clickable at point (233,259) because another element &lt;div class=&quot;loading-mask&quot;&gt; obscures it
Build info: version: &#039;4.1.2&#039;, revision: &#039;9a5a329c5a&#039;
System info: host: &#039;DESKTOP-18BP1P8&#039;, ip: &#039;192.168.43.109&#039;, os.name: &#039;Windows 10&#039;, os.arch: &#039;amd64&#039;, os.version: &#039;10.0&#039;, java.version: &#039;11.0.8&#039;
Driver info: org.openqa.selenium.firefox.FirefoxDriver
Command: [7f615a8a-40ac-4a0f-8092-b0552a39c5ba, clickElement {id=cb62b5b7-3d7b-4420-8233-e7f3d732e702}]
Capabilities {acceptInsecureCerts: true, browserName: firefox, browserVersion: 99.0, javascriptEnabled: true, moz:accessibilityChecks: false, moz:buildID: 20220330194208, moz:debuggerAddress: localhost:57092, moz:geckodriverVersion: 0.30.0, moz:headless: false, moz:processID: 4740, moz:profile: C:\Users\gwl\AppData\Local\..., moz:shutdownTimeout: 60000, moz:useNonSpecCompliantPointerOrigin: false, moz:webdriverClick: true, pageLoadStrategy: normal, platform: WINDOWS, platformName: WINDOWS, platformVersion: 10.0, proxy: Proxy(), se:cdp: ws://localhost:57092/devtoo..., se:cdpVersion: 85.0, setWindowRect: true, strictFileInteractability: false, timeouts: {implicit: 0, pageLoad: 300000, script: 30000}, unhandledPromptBehavior: dismiss and notify}
Element: [[FirefoxDriver: firefox on WINDOWS (7f615a8a-40ac-4a0f-8092-b0552a39c5ba)] -&gt; xpath: (//div[@class=&#039;col-md-4 col-sm-4 text-center&#039;])[1]]
Session ID: 7f615a8a-40ac-4a0f-8092-b0552a39c5ba" type="org.openqa.selenium.ElementClickInterceptedException">
      <![CDATA[org.openqa.selenium.ElementClickInterceptedException: Element <div class="col-md-4 col-sm-4 text-center"> is not clickable at point (233,259) because another element <div class="loading-mask"> obscures it
Build info: version: '4.1.2', revision: '9a5a329c5a'
System info: host: 'DESKTOP-18BP1P8', ip: '192.168.43.109', os.name: 'Windows 10', os.arch: 'amd64', os.version: '10.0', java.version: '11.0.8'
Driver info: org.openqa.selenium.firefox.FirefoxDriver
Command: [7f615a8a-40ac-4a0f-8092-b0552a39c5ba, clickElement {id=cb62b5b7-3d7b-4420-8233-e7f3d732e702}]
Capabilities {acceptInsecureCerts: true, browserName: firefox, browserVersion: 99.0, javascriptEnabled: true, moz:accessibilityChecks: false, moz:buildID: 20220330194208, moz:debuggerAddress: localhost:57092, moz:geckodriverVersion: 0.30.0, moz:headless: false, moz:processID: 4740, moz:profile: C:\Users\gwl\AppData\Local\..., moz:shutdownTimeout: 60000, moz:useNonSpecCompliantPointerOrigin: false, moz:webdriverClick: true, pageLoadStrategy: normal, platform: WINDOWS, platformName: WINDOWS, platformVersion: 10.0, proxy: Proxy(), se:cdp: ws://localhost:57092/devtoo..., se:cdpVersion: 85.0, setWindowRect: true, strictFileInteractability: false, timeouts: {implicit: 0, pageLoad: 300000, script: 30000}, unhandledPromptBehavior: dismiss and notify}
Element: [[FirefoxDriver: firefox on WINDOWS (7f615a8a-40ac-4a0f-8092-b0552a39c5ba)] -> xpath: (//div[@class='col-md-4 col-sm-4 text-center'])[1]]
Session ID: 7f615a8a-40ac-4a0f-8092-b0552a39c5ba
at java.base/jdk.internal.reflect.NativeConstructorAccessorImpl.newInstance0(Native Method)
at java.base/jdk.internal.reflect.NativeConstructorAccessorImpl.newInstance(NativeConstructorAccessorImpl.java:62)
at java.base/jdk.internal.reflect.DelegatingConstructorAccessorImpl.newInstance(DelegatingConstructorAccessorImpl.java:45)
at java.base/java.lang.reflect.Constructor.newInstance(Constructor.java:490)
at org.openqa.selenium.remote.codec.w3c.W3CHttpResponseCodec.createException(W3CHttpResponseCodec.java:200)
at org.openqa.selenium.remote.codec.w3c.W3CHttpResponseCodec.decode(W3CHttpResponseCodec.java:133)
at org.openqa.selenium.remote.codec.w3c.W3CHttpResponseCodec.decode(W3CHttpResponseCodec.java:53)
at org.openqa.selenium.remote.HttpCommandExecutor.execute(HttpCommandExecutor.java:184)
at org.openqa.selenium.remote.service.DriverCommandExecutor.invokeExecute(DriverCommandExecutor.java:167)
at org.openqa.selenium.remote.service.DriverCommandExecutor.execute(DriverCommandExecutor.java:142)
at org.openqa.selenium.remote.RemoteWebDriver.execute(RemoteWebDriver.java:558)
at org.openqa.selenium.remote.RemoteWebElement.execute(RemoteWebElement.java:251)
at org.openqa.selenium.remote.RemoteWebElement.click(RemoteWebElement.java:77)
at java.base/jdk.internal.reflect.NativeMethodAccessorImpl.invoke0(Native Method)
at java.base/jdk.internal.reflect.NativeMethodAccessorImpl.invoke(NativeMethodAccessorImpl.java:62)
at java.base/jdk.internal.reflect.DelegatingMethodAccessorImpl.invoke(DelegatingMethodAccessorImpl.java:43)
at java.base/java.lang.reflect.Method.invoke(Method.java:566)
at org.openqa.selenium.support.pagefactory.internal.LocatingElementHandler.invoke(LocatingElementHandler.java:52)
at com.sun.proxy.$Proxy17.click(Unknown Source)
at POM_Classes.Mirafit_Homepage_Links_Pom.Click_Weight_Benches(Mirafit_Homepage_Links_Pom.java:52)
at Test_Classes.Mirafit_Homepage_Links_Test.Verify_Homepage_Links(Mirafit_Homepage_Links_Test.java:72)
at java.base/jdk.internal.reflect.NativeMethodAccessorImpl.invoke0(Native Method)
at java.base/jdk.internal.reflect.NativeMethodAccessorImpl.invoke(NativeMethodAccessorImpl.java:62)
at java.base/jdk.internal.reflect.DelegatingMethodAccessorImpl.invoke(DelegatingMethodAccessorImpl.java:43)
at java.base/java.lang.reflect.Method.invoke(Method.java:566)
at org.testng.internal.MethodInvocationHelper.invokeMethod(MethodInvocationHelper.java:133)
at org.testng.internal.TestInvoker.invokeMethod(TestInvoker.java:598)
at org.testng.internal.TestInvoker.invokeTestMethod(TestInvoker.java:173)
at org.testng.internal.MethodRunner.runInSequence(MethodRunner.java:46)
at org.testng.internal.TestInvoker$MethodInvocationAgent.invoke(TestInvoker.java:824)
at org.testng.internal.TestInvoker.invokeTestMethods(TestInvoker.java:146)
at org.testng.internal.TestMethodWorker.invokeTestMethods(TestMethodWorker.java:146)
at org.testng.internal.TestMethodWorker.run(TestMethodWorker.java:128)
at java.base/java.util.ArrayList.forEach(ArrayList.java:1541)
at org.testng.TestRunner.privateRun(TestRunner.java:794)
at org.testng.TestRunner.run(TestRunner.java:596)
at org.testng.SuiteRunner.runTest(SuiteRunner.java:377)
at org.testng.SuiteRunner.runSequentially(SuiteRunner.java:371)
at org.testng.SuiteRunner.privateRun(SuiteRunner.java:332)
at org.testng.SuiteRunner.run(SuiteRunner.java:276)
at org.testng.SuiteRunnerWorker.runSuite(SuiteRunnerWorker.java:53)
at org.testng.SuiteRunnerWorker.run(SuiteRunnerWorker.java:96)
at org.testng.TestNG.runSuitesSequentially(TestNG.java:1212)
at org.testng.TestNG.runSuitesLocally(TestNG.java:1134)
at org.testng.TestNG.runSuites(TestNG.java:1063)
at org.testng.TestNG.run(TestNG.java:1031)
at org.testng.remote.AbstractRemoteTestNG.run(AbstractRemoteTestNG.java:115)
at org.testng.remote.RemoteTestNG.initAndRun(RemoteTestNG.java:251)
at org.testng.remote.RemoteTestNG.main(RemoteTestNG.java:77)
]]>
    </error>
  </testcase> <!-- Verify_Homepage_Links -->
  <system-out>
    <![CDATA[The product image is displayed]]>
  </system-out>
  <testcase classname="Test_Classes.Mirafit_Homepage_Links_Test" name="Verify_Homepage_Links" time="45.411"/>
  <system-out>
    <![CDATA[The product image is displayed
The URL for Weight Benches is https://mirafit.co.uk/strength-equipment/weight-benches.html
The Url for Weight Benches Is Matched
----------------------The List of Weight Banches Products ---------------------
The product image is displayed
The URL for Squat Racks is https://mirafit.co.uk/strength-equipment/squat-racks-stands.html
The URL for Squat Racks is Matched
----------------------The List of Squat Racks Products ---------------------
The product image is displayed
The URL for Power_Racks is https://mirafit.co.uk/strength-equipment/power-cages-racks.html
The URL for Power_Racks is Matched
----------------------The List of Power_Racks Products ---------------------
The product image is displayed
The URL for Conditioning is https://mirafit.co.uk/conditioning.html
The URL for Conditioning is Matched
----------------------The List of Conditioning Products ---------------------
The product image is displayed
The URL for Bars is https://mirafit.co.uk/weights-and-bars/bars.html
The URL for Bars is Matched
----------------------The List of Bars Products ---------------------
The product image is displayed
The URL for Bumper_Plates is https://mirafit.co.uk/weights-and-bars/bumper-plates.html
The URL for Bumper_Plates is Matched
----------------------The List of Bumper_Plates Products ---------------------]]>
  </system-out>
</testsuite> <!-- Test_Classes.Mirafit_Homepage_Links_Test -->
